<?xml version="1.0" encoding="UTF-8" ?>
<testsuite tests="9" failures="0" name="com.baeldung.spring.webclientrequests.WebClientRequestsUnitTest" time="0.086" errors="0" skipped="0">
  <properties>
[...]
</properties>
  <testcase classname="com.baeldung.spring.webclientrequests.WebClientRequestsUnitTest" name="whenCallSingleQueryParamsPlaceholders_thenURIMatched" time="0.064"/>
  <testcase classname="com.baeldung.spring.webclientrequests.WebClientRequestsUnitTest" name="whenCallArrayQueryParams_thenURIMatched" time="0.003"/>
  <testcase classname="com.baeldung.spring.webclientrequests.WebClientRequestsUnitTest" name="whenCallArrayQueryParamsBrackets_thenURIMatched" time="0.003"/>
  <testcase classname="com.baeldung.spring.webclientrequests.WebClientRequestsUnitTest" name="whenCallSimpleURI_thenURIMatched" time="0.002"/>
  <testcase classname="com.baeldung.spring.webclientrequests.WebClientRequestsUnitTest" name="whenCallSinglePathSegmentUri_thenURIMatched" time="0.003"/>
  <testcase classname="com.baeldung.spring.webclientrequests.WebClientRequestsUnitTest" name="whenCallMultiplePathSegmentsUri_thenURIMatched" time="0.003"/>
  <testcase classname="com.baeldung.spring.webclientrequests.WebClientRequestsUnitTest" name="whenCallSingleQueryParams_thenURIMatched" time="0.003"/>
  <testcase classname="com.baeldung.spring.webclientrequests.WebClientRequestsUnitTest" name="whenCallArrayQueryParamsComma_thenURIMatched" time="0.002"/>
  <testcase classname="com.baeldung.spring.webclientrequests.WebClientRequestsUnitTest" name="whenUriComponentEncoding_thenQueryParamsNotEscaped" time="0.003"/>
</testsuite>